2025-03-06 09:59:30 [main] INFO  c.e.cruddemo.CrudDemoApplication - Starting CrudDemoApplication using Java 17.0.12 on DESKTOP-0BBIV6G with PID 16924 (E:\55234\Java sprint boot and hibernate DB crud project\target\classes started by Hp in E:\55234\Java sprint boot and hibernate DB crud project)
2025-03-06 09:59:30 [background-preinit] INFO  o.h.validator.internal.util.Version - HV000001: Hibernate Validator 6.2.5.Final
2025-03-06 09:59:30 [main] DEBUG c.e.cruddemo.CrudDemoApplication - Running with Spring Boot v2.7.18, Spring v5.3.31
2025-03-06 09:59:30 [main] INFO  c.e.cruddemo.CrudDemoApplication - No active profile set, falling back to 1 default profile: "default"
2025-03-06 09:59:30 [main] INFO  o.s.d.r.c.RepositoryConfigurationDelegate - Bootstrapping Spring Data JPA repositories in DEFAULT mode.
2025-03-06 09:59:30 [main] INFO  o.s.d.r.c.RepositoryConfigurationDelegate - Finished Spring Data repository scanning in 38 ms. Found 1 JPA repository interfaces.
2025-03-06 09:59:30 [main] INFO  o.s.b.w.e.tomcat.TomcatWebServer - Tomcat initialized with port(s): 8080 (http)
2025-03-06 09:59:30 [main] INFO  o.a.coyote.http11.Http11NioProtocol - Initializing ProtocolHandler ["http-nio-8080"]
2025-03-06 09:59:30 [main] INFO  o.a.catalina.core.StandardService - Starting service [Tomcat]
2025-03-06 09:59:30 [main] INFO  o.a.catalina.core.StandardEngine - Starting Servlet engine: [Apache Tomcat/9.0.83]
2025-03-06 09:59:30 [main] INFO  o.a.c.c.C.[Tomcat].[localhost].[/] - Initializing Spring embedded WebApplicationContext
2025-03-06 09:59:30 [main] INFO  o.s.b.w.s.c.ServletWebServerApplicationContext - Root WebApplicationContext: initialization completed in 850 ms
2025-03-06 09:59:31 [main] INFO  o.h.jpa.internal.util.LogHelper - HHH000204: Processing PersistenceUnitInfo [name: default]
2025-03-06 09:59:31 [main] INFO  org.hibernate.Version - HHH000412: Hibernate ORM core version 5.6.15.Final
2025-03-06 09:59:31 [main] INFO  o.h.annotations.common.Version - HCANN000001: Hibernate Commons Annotations {5.1.2.Final}
2025-03-06 09:59:31 [main] INFO  com.zaxxer.hikari.HikariDataSource - HikariPool-1 - Starting...
2025-03-06 09:59:31 [main] INFO  com.zaxxer.hikari.HikariDataSource - HikariPool-1 - Start completed.
2025-03-06 09:59:31 [main] INFO  org.hibernate.dialect.Dialect - HHH000400: Using dialect: org.hibernate.dialect.MySQL8Dialect
2025-03-06 09:59:31 [main] INFO  o.h.e.t.j.p.i.JtaPlatformInitiator - HHH000490: Using JtaPlatform implementation: [org.hibernate.engine.transaction.jta.platform.internal.NoJtaPlatform]
2025-03-06 09:59:31 [main] INFO  o.s.o.j.LocalContainerEntityManagerFactoryBean - Initialized JPA EntityManagerFactory for persistence unit 'default'
2025-03-06 09:59:31 [main] INFO  c.e.cruddemo.config.DataInitializer - DataInitializer initialized with repository
2025-03-06 09:59:31 [main] INFO  c.e.c.s.impl.EmployeeServiceImpl - EmployeeServiceImpl initialized with repository
2025-03-06 09:59:31 [main] INFO  c.e.c.controller.EmployeeController - EmployeeController initialized with service
2025-03-06 09:59:32 [main] WARN  o.s.b.a.o.j.JpaBaseConfiguration$JpaWebConfiguration - spring.jpa.open-in-view is enabled by default. Therefore, database queries may be performed during view rendering. Explicitly configure spring.jpa.open-in-view to disable this warning
2025-03-06 09:59:32 [main] INFO  o.a.coyote.http11.Http11NioProtocol - Starting ProtocolHandler ["http-nio-8080"]
2025-03-06 09:59:32 [main] INFO  o.s.b.w.e.tomcat.TomcatWebServer - Tomcat started on port(s): 8080 (http) with context path ''
2025-03-06 09:59:32 [main] INFO  c.e.cruddemo.CrudDemoApplication - Started CrudDemoApplication in 2.502 seconds (JVM running for 2.735)
2025-03-06 09:59:32 [main] INFO  c.e.cruddemo.config.DataInitializer - Starting data initialization...
2025-03-06 09:59:32 [main] INFO  c.e.cruddemo.config.DataInitializer - Data already exists, skipping initialization
2025-03-06 09:59:32 [http-nio-8080-exec-1] INFO  o.a.c.c.C.[Tomcat].[localhost].[/] - Initializing Spring DispatcherServlet 'dispatcherServlet'
2025-03-06 09:59:32 [http-nio-8080-exec-1] INFO  o.s.web.servlet.DispatcherServlet - Initializing Servlet 'dispatcherServlet'
2025-03-06 09:59:32 [http-nio-8080-exec-1] INFO  o.s.web.servlet.DispatcherServlet - Completed initialization in 0 ms
2025-03-06 09:59:32 [http-nio-8080-exec-1] INFO  c.e.c.controller.EmployeeController - REST request to get all employees
2025-03-06 09:59:32 [http-nio-8080-exec-1] DEBUG c.e.c.s.impl.EmployeeServiceImpl - Fetching all employees
2025-03-06 09:59:32 [http-nio-8080-exec-1] DEBUG c.e.c.s.impl.EmployeeServiceImpl - Found 4 employees
2025-03-06 09:59:32 [http-nio-8080-exec-1] DEBUG c.e.c.controller.EmployeeController - Retrieved 4 employees
2025-03-06 09:59:39 [http-nio-8080-exec-4] INFO  c.e.c.controller.EmployeeController - REST request to get all employees
2025-03-06 09:59:39 [http-nio-8080-exec-4] DEBUG c.e.c.s.impl.EmployeeServiceImpl - Fetching all employees
2025-03-06 09:59:39 [http-nio-8080-exec-4] DEBUG c.e.c.s.impl.EmployeeServiceImpl - Found 4 employees
2025-03-06 09:59:39 [http-nio-8080-exec-4] DEBUG c.e.c.controller.EmployeeController - Retrieved 4 employees
2025-03-06 09:59:40 [http-nio-8080-exec-3] INFO  c.e.c.controller.EmployeeController - REST request to get all employees
2025-03-06 09:59:40 [http-nio-8080-exec-3] DEBUG c.e.c.s.impl.EmployeeServiceImpl - Fetching all employees
2025-03-06 09:59:40 [http-nio-8080-exec-3] DEBUG c.e.c.s.impl.EmployeeServiceImpl - Found 4 employees
2025-03-06 09:59:40 [http-nio-8080-exec-3] DEBUG c.e.c.controller.EmployeeController - Retrieved 4 employees
2025-03-06 09:59:48 [http-nio-8080-exec-5] INFO  c.e.c.controller.EmployeeController - REST request to get all employees
2025-03-06 09:59:48 [http-nio-8080-exec-5] DEBUG c.e.c.s.impl.EmployeeServiceImpl - Fetching all employees
2025-03-06 09:59:48 [http-nio-8080-exec-5] DEBUG c.e.c.s.impl.EmployeeServiceImpl - Found 4 employees
2025-03-06 09:59:48 [http-nio-8080-exec-5] DEBUG c.e.c.controller.EmployeeController - Retrieved 4 employees
