2025-03-12 15:33:53 [background-preinit] INFO  o.h.validator.internal.util.Version - HV000001: Hibernate Validator 6.2.5.Final
2025-03-12 15:33:53 [restartedMain] INFO  c.e.cruddemo.CrudDemoApplication - Starting CrudDemoApplication using Java 17.0.12 on DESKTOP-0BBIV6G with PID 19324 (E:\55234\Java sprint boot and hibernate DB crud project\target\classes started by Hp in E:\55234\Java sprint boot and hibernate DB crud project)
2025-03-12 15:33:53 [restartedMain] INFO  c.e.cruddemo.CrudDemoApplication - The following 1 profile is active: "prod"
2025-03-12 15:33:53 [restartedMain] INFO  o.s.b.d.e.DevToolsPropertyDefaultsPostProcessor - Devtools property defaults active! Set 'spring.devtools.add-properties' to 'false' to disable
2025-03-12 15:33:53 [restartedMain] INFO  o.s.b.d.e.DevToolsPropertyDefaultsPostProcessor - For additional web related logging consider setting the 'logging.level.web' property to 'DEBUG'
2025-03-12 15:33:53 [restartedMain] INFO  o.s.d.r.c.RepositoryConfigurationDelegate - Bootstrapping Spring Data JPA repositories in DEFAULT mode.
2025-03-12 15:33:53 [restartedMain] INFO  o.s.d.r.c.RepositoryConfigurationDelegate - Finished Spring Data repository scanning in 33 ms. Found 1 JPA repository interfaces.
2025-03-12 15:33:53 [restartedMain] INFO  o.s.b.w.e.tomcat.TomcatWebServer - Tomcat initialized with port(s): 8080 (http)
2025-03-12 15:33:53 [restartedMain] INFO  o.a.coyote.http11.Http11NioProtocol - Initializing ProtocolHandler ["http-nio-8080"]
2025-03-12 15:33:53 [restartedMain] INFO  o.a.catalina.core.StandardService - Starting service [Tomcat]
2025-03-12 15:33:53 [restartedMain] INFO  o.a.catalina.core.StandardEngine - Starting Servlet engine: [Apache Tomcat/9.0.83]
2025-03-12 15:33:54 [restartedMain] INFO  o.a.c.c.C.[Tomcat].[localhost].[/] - Initializing Spring embedded WebApplicationContext
2025-03-12 15:33:54 [restartedMain] INFO  o.s.b.w.s.c.ServletWebServerApplicationContext - Root WebApplicationContext: initialization completed in 901 ms
2025-03-12 15:33:54 [restartedMain] INFO  com.zaxxer.hikari.HikariDataSource - HikariPool-1 - Starting...
2025-03-12 15:33:54 [restartedMain] INFO  com.zaxxer.hikari.HikariDataSource - HikariPool-1 - Start completed.
2025-03-12 15:33:54 [restartedMain] INFO  o.s.b.a.h.H2ConsoleAutoConfiguration - H2 console available at '/h2-console'. Database available at 'jdbc:mysql://localhost:3306/employee_db?createDatabaseIfNotExist=true&useSSL=false&serverTimezone=UTC&allowPublicKeyRetrieval=true'
2025-03-12 15:33:54 [restartedMain] INFO  o.h.jpa.internal.util.LogHelper - HHH000204: Processing PersistenceUnitInfo [name: default]
2025-03-12 15:33:54 [restartedMain] INFO  org.hibernate.Version - HHH000412: Hibernate ORM core version 5.6.15.Final
2025-03-12 15:33:54 [restartedMain] INFO  o.h.annotations.common.Version - HCANN000001: Hibernate Commons Annotations {5.1.2.Final}
2025-03-12 15:33:54 [restartedMain] INFO  org.hibernate.dialect.Dialect - HHH000400: Using dialect: org.hibernate.dialect.MySQL8Dialect
2025-03-12 15:33:54 [restartedMain] INFO  o.h.e.t.j.p.i.JtaPlatformInitiator - HHH000490: Using JtaPlatform implementation: [org.hibernate.engine.transaction.jta.platform.internal.NoJtaPlatform]
2025-03-12 15:33:54 [restartedMain] INFO  o.s.o.j.LocalContainerEntityManagerFactoryBean - Initialized JPA EntityManagerFactory for persistence unit 'default'
2025-03-12 15:33:55 [restartedMain] INFO  c.e.cruddemo.config.DataInitializer - DataInitializer initialized with repository
2025-03-12 15:33:55 [restartedMain] INFO  log1 - EmployeeServiceImpl initialized with repository and entity manager
2025-03-12 15:33:55 [restartedMain] INFO  c.e.c.controller.EmployeeController - EmployeeController initialized with service
2025-03-12 15:33:55 [restartedMain] WARN  o.s.b.a.o.j.JpaBaseConfiguration$JpaWebConfiguration - spring.jpa.open-in-view is enabled by default. Therefore, database queries may be performed during view rendering. Explicitly configure spring.jpa.open-in-view to disable this warning
2025-03-12 15:33:55 [restartedMain] INFO  o.a.coyote.http11.Http11NioProtocol - Starting ProtocolHandler ["http-nio-8080"]
2025-03-12 15:33:55 [restartedMain] INFO  o.s.b.w.e.tomcat.TomcatWebServer - Tomcat started on port(s): 8080 (http) with context path ''
2025-03-12 15:33:55 [restartedMain] INFO  c.e.cruddemo.CrudDemoApplication - Started CrudDemoApplication in 2.536 seconds (JVM running for 2.814)
2025-03-12 15:33:55 [restartedMain] INFO  c.e.cruddemo.config.DataInitializer - Starting data initialization...
2025-03-12 15:33:55 [restartedMain] INFO  c.e.cruddemo.config.DataInitializer - Data already exists, skipping initialization
2025-03-12 15:33:55 [restartedMain] INFO  log1 - Running with active profile: prod
2025-03-12 15:33:55 [restartedMain] INFO  log1 - Database URL: jdbc:mysql://localhost:3306/employee_db?createDatabaseIfNotExist=true&useSSL=false&serverTimezone=UTC&allowPublicKeyRetrieval=true
2025-03-12 15:33:55 [restartedMain] INFO  log1 - Server Port: 8080
2025-03-12 15:34:32 [http-nio-8080-exec-2] INFO  o.a.c.c.C.[Tomcat].[localhost].[/] - Initializing Spring DispatcherServlet 'dispatcherServlet'
2025-03-12 15:34:32 [http-nio-8080-exec-2] INFO  o.s.web.servlet.DispatcherServlet - Initializing Servlet 'dispatcherServlet'
2025-03-12 15:34:32 [http-nio-8080-exec-2] INFO  o.s.web.servlet.DispatcherServlet - Completed initialization in 1 ms
2025-03-12 15:34:32 [http-nio-8080-exec-2] INFO  log1 - Fetching all employees
2025-03-12 15:34:32 [http-nio-8080-exec-2] INFO  log1 - Service: Getting all employees
2025-03-12 15:35:16 [http-nio-8080-exec-5] INFO  log1 - Updating employee with ID: 17
2025-03-12 15:35:16 [http-nio-8080-exec-5] INFO  log1 - Service: Updating employee with ID: 17
2025-03-12 15:35:16 [http-nio-8080-exec-5] TRACE o.h.type.descriptor.sql.BasicBinder - binding parameter [1] as [BIGINT] - [17]
2025-03-12 15:35:16 [http-nio-8080-exec-5] INFO  log1 - Service: Employee updated successfully: 17
2025-03-12 15:35:16 [http-nio-8080-exec-5] TRACE o.h.type.descriptor.sql.BasicBinder - binding parameter [1] as [VARCHAR] - [anindyaSpringBo@gmail.com]
2025-03-12 15:35:16 [http-nio-8080-exec-5] TRACE o.h.type.descriptor.sql.BasicBinder - binding parameter [2] as [VARCHAR] - [Anindya]
2025-03-12 15:35:16 [http-nio-8080-exec-5] TRACE o.h.type.descriptor.sql.BasicBinder - binding parameter [3] as [VARCHAR] - [Biswas]
2025-03-12 15:35:16 [http-nio-8080-exec-5] TRACE o.h.type.descriptor.sql.BasicBinder - binding parameter [4] as [VARCHAR] - [01721584048]
2025-03-12 15:35:16 [http-nio-8080-exec-5] TRACE o.h.type.descriptor.sql.BasicBinder - binding parameter [5] as [VARCHAR] - [boot]
2025-03-12 15:35:16 [http-nio-8080-exec-5] TRACE o.h.type.descriptor.sql.BasicBinder - binding parameter [6] as [DOUBLE] - [37000.0]
2025-03-12 15:35:16 [http-nio-8080-exec-5] TRACE o.h.type.descriptor.sql.BasicBinder - binding parameter [7] as [BIGINT] - [17]
2025-03-12 15:35:32 [http-nio-8080-exec-1] INFO  log1 - Creating new employee: Anindya Biswas
2025-03-12 15:35:32 [http-nio-8080-exec-1] INFO  log1 - Service: Attempting to create new employee: Anindya Biswas
2025-03-12 15:35:32 [http-nio-8080-exec-1] TRACE o.h.type.descriptor.sql.BasicBinder - binding parameter [1] as [VARCHAR] - [Anindya]
2025-03-12 15:35:32 [http-nio-8080-exec-1] TRACE o.h.type.descriptor.sql.BasicBinder - binding parameter [2] as [VARCHAR] - [Biswas]
2025-03-12 15:35:32 [http-nio-8080-exec-1] TRACE o.h.type.descriptor.sql.BasicBinder - binding parameter [3] as [VARCHAR] - [anindyaSpBo@gmail.com]
2025-03-12 15:35:32 [http-nio-8080-exec-1] TRACE o.h.type.descriptor.sql.BasicBinder - binding parameter [4] as [VARCHAR] - [01721584048]
2025-03-12 15:35:32 [http-nio-8080-exec-1] TRACE o.h.type.descriptor.sql.BasicBinder - binding parameter [5] as [VARCHAR] - [boot]
2025-03-12 15:35:32 [http-nio-8080-exec-1] TRACE o.h.type.descriptor.sql.BasicBinder - binding parameter [6] as [NUMERIC] - [37000.0]
2025-03-12 15:35:32 [http-nio-8080-exec-1] INFO  log1 - Service: Employee created successfully with ID: 20
2025-03-12 15:52:09 [background-preinit] INFO  o.h.validator.internal.util.Version - HV000001: Hibernate Validator 6.2.5.Final
2025-03-12 15:52:09 [restartedMain] INFO  c.e.cruddemo.CrudDemoApplication - Starting CrudDemoApplication using Java 17.0.12 on DESKTOP-0BBIV6G with PID 4516 (E:\55234\Java sprint boot and hibernate DB crud project\target\classes started by Hp in E:\55234\Java sprint boot and hibernate DB crud project)
2025-03-12 15:52:09 [restartedMain] INFO  c.e.cruddemo.CrudDemoApplication - The following 1 profile is active: "prod"
2025-03-12 15:52:09 [restartedMain] INFO  o.s.b.d.e.DevToolsPropertyDefaultsPostProcessor - Devtools property defaults active! Set 'spring.devtools.add-properties' to 'false' to disable
2025-03-12 15:52:09 [restartedMain] INFO  o.s.b.d.e.DevToolsPropertyDefaultsPostProcessor - For additional web related logging consider setting the 'logging.level.web' property to 'DEBUG'
2025-03-12 15:52:10 [restartedMain] INFO  o.s.d.r.c.RepositoryConfigurationDelegate - Bootstrapping Spring Data JPA repositories in DEFAULT mode.
2025-03-12 15:52:10 [restartedMain] INFO  o.s.d.r.c.RepositoryConfigurationDelegate - Finished Spring Data repository scanning in 36 ms. Found 1 JPA repository interfaces.
2025-03-12 15:52:10 [restartedMain] INFO  o.s.b.w.e.tomcat.TomcatWebServer - Tomcat initialized with port(s): 8080 (http)
2025-03-12 15:52:10 [restartedMain] INFO  o.a.coyote.http11.Http11NioProtocol - Initializing ProtocolHandler ["http-nio-8080"]
2025-03-12 15:52:10 [restartedMain] INFO  o.a.catalina.core.StandardService - Starting service [Tomcat]
2025-03-12 15:52:10 [restartedMain] INFO  o.a.catalina.core.StandardEngine - Starting Servlet engine: [Apache Tomcat/9.0.83]
2025-03-12 15:52:10 [restartedMain] INFO  o.a.c.c.C.[Tomcat].[localhost].[/] - Initializing Spring embedded WebApplicationContext
2025-03-12 15:52:10 [restartedMain] INFO  o.s.b.w.s.c.ServletWebServerApplicationContext - Root WebApplicationContext: initialization completed in 916 ms
2025-03-12 15:52:10 [restartedMain] INFO  com.zaxxer.hikari.HikariDataSource - HikariPool-1 - Starting...
2025-03-12 15:52:10 [restartedMain] INFO  com.zaxxer.hikari.HikariDataSource - HikariPool-1 - Start completed.
2025-03-12 15:52:10 [restartedMain] INFO  o.s.b.a.h.H2ConsoleAutoConfiguration - H2 console available at '/h2-console'. Database available at 'jdbc:mysql://localhost:3306/employee_db?createDatabaseIfNotExist=true&useSSL=false&serverTimezone=UTC&allowPublicKeyRetrieval=true'
2025-03-12 15:52:10 [restartedMain] INFO  o.h.jpa.internal.util.LogHelper - HHH000204: Processing PersistenceUnitInfo [name: default]
2025-03-12 15:52:10 [restartedMain] INFO  org.hibernate.Version - HHH000412: Hibernate ORM core version 5.6.15.Final
2025-03-12 15:52:11 [restartedMain] INFO  o.h.annotations.common.Version - HCANN000001: Hibernate Commons Annotations {5.1.2.Final}
2025-03-12 15:52:11 [restartedMain] INFO  org.hibernate.dialect.Dialect - HHH000400: Using dialect: org.hibernate.dialect.MySQL8Dialect
2025-03-12 15:52:11 [restartedMain] INFO  o.h.e.t.j.p.i.JtaPlatformInitiator - HHH000490: Using JtaPlatform implementation: [org.hibernate.engine.transaction.jta.platform.internal.NoJtaPlatform]
2025-03-12 15:52:11 [restartedMain] INFO  o.s.o.j.LocalContainerEntityManagerFactoryBean - Initialized JPA EntityManagerFactory for persistence unit 'default'
2025-03-12 15:52:11 [restartedMain] INFO  c.e.cruddemo.config.DataInitializer - DataInitializer initialized with repository
2025-03-12 15:52:11 [restartedMain] INFO  log1 - EmployeeServiceImpl initialized with repository and entity manager
2025-03-12 15:52:11 [restartedMain] INFO  c.e.c.controller.EmployeeController - EmployeeController initialized with service
2025-03-12 15:52:11 [restartedMain] WARN  o.s.b.a.o.j.JpaBaseConfiguration$JpaWebConfiguration - spring.jpa.open-in-view is enabled by default. Therefore, database queries may be performed during view rendering. Explicitly configure spring.jpa.open-in-view to disable this warning
2025-03-12 15:52:11 [restartedMain] INFO  o.a.coyote.http11.Http11NioProtocol - Starting ProtocolHandler ["http-nio-8080"]
2025-03-12 15:52:11 [restartedMain] INFO  o.s.b.w.e.tomcat.TomcatWebServer - Tomcat started on port(s): 8080 (http) with context path ''
2025-03-12 15:52:11 [restartedMain] INFO  c.e.cruddemo.CrudDemoApplication - Started CrudDemoApplication in 2.544 seconds (JVM running for 2.837)
2025-03-12 15:52:11 [restartedMain] INFO  c.e.cruddemo.config.DataInitializer - Starting data initialization...
2025-03-12 15:52:11 [restartedMain] INFO  c.e.cruddemo.config.DataInitializer - Data already exists, skipping initialization
2025-03-12 15:52:11 [restartedMain] INFO  log1 - Running with active profile: prod
2025-03-12 15:52:11 [restartedMain] INFO  log1 - Database URL: jdbc:mysql://localhost:3306/employee_db?createDatabaseIfNotExist=true&useSSL=false&serverTimezone=UTC&allowPublicKeyRetrieval=true
2025-03-12 15:52:11 [restartedMain] INFO  log1 - Server Port: 8080
2025-03-12 15:52:17 [http-nio-8080-exec-1] INFO  o.a.c.c.C.[Tomcat].[localhost].[/] - Initializing Spring DispatcherServlet 'dispatcherServlet'
2025-03-12 15:52:17 [http-nio-8080-exec-1] INFO  o.s.web.servlet.DispatcherServlet - Initializing Servlet 'dispatcherServlet'
2025-03-12 15:52:17 [http-nio-8080-exec-1] INFO  o.s.web.servlet.DispatcherServlet - Completed initialization in 0 ms
2025-03-12 15:52:17 [http-nio-8080-exec-1] INFO  log1 - Fetching all employees
2025-03-12 15:52:17 [http-nio-8080-exec-1] INFO  log1 - Service: Getting all employees
2025-03-12 15:52:18 [http-nio-8080-exec-2] INFO  log1 - Fetching all employees
2025-03-12 15:52:18 [http-nio-8080-exec-2] INFO  log1 - Service: Getting all employees
2025-03-12 15:52:26 [http-nio-8080-exec-4] INFO  log1 - Creating new employee: Anindya Biswas
2025-03-12 15:52:27 [http-nio-8080-exec-4] INFO  log1 - Service: Attempting to create new employee: Anindya Biswas
2025-03-12 15:52:27 [http-nio-8080-exec-4] TRACE o.h.type.descriptor.sql.BasicBinder - binding parameter [1] as [VARCHAR] - [Anindya]
2025-03-12 15:52:27 [http-nio-8080-exec-4] TRACE o.h.type.descriptor.sql.BasicBinder - binding parameter [2] as [VARCHAR] - [Biswas]
2025-03-12 15:52:27 [http-nio-8080-exec-4] TRACE o.h.type.descriptor.sql.BasicBinder - binding parameter [3] as [VARCHAR] - [anindyaSpBo11@gmail.com]
2025-03-12 15:52:27 [http-nio-8080-exec-4] TRACE o.h.type.descriptor.sql.BasicBinder - binding parameter [4] as [VARCHAR] - [01721584048]
2025-03-12 15:52:27 [http-nio-8080-exec-4] TRACE o.h.type.descriptor.sql.BasicBinder - binding parameter [5] as [VARCHAR] - [boot]
2025-03-12 15:52:27 [http-nio-8080-exec-4] TRACE o.h.type.descriptor.sql.BasicBinder - binding parameter [6] as [NUMERIC] - [37000.0]
2025-03-12 15:52:27 [http-nio-8080-exec-4] WARN  o.h.e.jdbc.spi.SqlExceptionHelper - SQL Error: 0, SQLState: S1009
2025-03-12 15:52:27 [http-nio-8080-exec-4] ERROR o.h.e.jdbc.spi.SqlExceptionHelper - Parameter new_id is not registered as an output parameter
2025-03-12 15:52:27 [http-nio-8080-exec-4] ERROR log1 - Error creating employee: org.hibernate.exception.GenericJDBCException: Error calling CallableStatement.getMoreResults
2025-03-12 15:52:27 [http-nio-8080-exec-4] WARN  o.s.w.s.m.m.a.ExceptionHandlerExceptionResolver - Resolved [java.lang.RuntimeException: Failed to create employee: org.hibernate.exception.GenericJDBCException: Error calling CallableStatement.getMoreResults]
2025-03-12 16:00:00 [http-nio-8080-exec-7] INFO  log1 - Creating new employee: Anindya Biswas
2025-03-12 16:00:00 [http-nio-8080-exec-7] INFO  log1 - Service: Attempting to create new employee: Anindya Biswas
2025-03-12 16:00:00 [http-nio-8080-exec-7] TRACE o.h.type.descriptor.sql.BasicBinder - binding parameter [1] as [VARCHAR] - [Anindya]
2025-03-12 16:00:00 [http-nio-8080-exec-7] TRACE o.h.type.descriptor.sql.BasicBinder - binding parameter [2] as [VARCHAR] - [Biswas]
2025-03-12 16:00:00 [http-nio-8080-exec-7] TRACE o.h.type.descriptor.sql.BasicBinder - binding parameter [3] as [VARCHAR] - [anindyaSpBo11@gmail.com]
2025-03-12 16:00:00 [http-nio-8080-exec-7] TRACE o.h.type.descriptor.sql.BasicBinder - binding parameter [4] as [VARCHAR] - [01721584048]
2025-03-12 16:00:00 [http-nio-8080-exec-7] TRACE o.h.type.descriptor.sql.BasicBinder - binding parameter [5] as [VARCHAR] - [boot]
2025-03-12 16:00:00 [http-nio-8080-exec-7] TRACE o.h.type.descriptor.sql.BasicBinder - binding parameter [6] as [NUMERIC] - [37000.0]
