2025-03-11 14:44:48 [restartedMain] INFO  c.e.cruddemo.CrudDemoApplication - Starting CrudDemoApplication using Java 17.0.12 on DESKTOP-0BBIV6G with PID 9020 (E:\55234\Java sprint boot and hibernate DB crud project\target\classes started by Hp in E:\55234\Java sprint boot and hibernate DB crud project)
2025-03-11 14:44:48 [restartedMain] INFO  c.e.cruddemo.CrudDemoApplication - The following 1 profile is active: "dev"
2025-03-11 14:44:48 [restartedMain] INFO  o.s.b.d.e.DevToolsPropertyDefaultsPostProcessor - Devtools property defaults active! Set 'spring.devtools.add-properties' to 'false' to disable
2025-03-11 14:44:48 [restartedMain] INFO  o.s.b.d.e.DevToolsPropertyDefaultsPostProcessor - For additional web related logging consider setting the 'logging.level.web' property to 'DEBUG'
2025-03-11 14:44:49 [restartedMain] INFO  o.s.d.r.c.RepositoryConfigurationDelegate - Bootstrapping Spring Data JPA repositories in DEFAULT mode.
2025-03-11 14:44:49 [restartedMain] INFO  o.s.d.r.c.RepositoryConfigurationDelegate - Finished Spring Data repository scanning in 42 ms. Found 1 JPA repository interfaces.
2025-03-11 14:44:49 [restartedMain] INFO  o.s.b.w.e.tomcat.TomcatWebServer - Tomcat initialized with port(s): 8081 (http)
2025-03-11 14:44:49 [restartedMain] INFO  o.a.coyote.http11.Http11NioProtocol - Initializing ProtocolHandler ["http-nio-8081"]
2025-03-11 14:44:49 [restartedMain] INFO  o.a.catalina.core.StandardService - Starting service [Tomcat]
2025-03-11 14:44:49 [restartedMain] INFO  o.a.catalina.core.StandardEngine - Starting Servlet engine: [Apache Tomcat/9.0.83]
2025-03-11 14:44:49 [restartedMain] INFO  o.a.c.c.C.[Tomcat].[localhost].[/] - Initializing Spring embedded WebApplicationContext
2025-03-11 14:44:49 [restartedMain] INFO  o.s.b.w.s.c.ServletWebServerApplicationContext - Root WebApplicationContext: initialization completed in 886 ms
2025-03-11 14:44:49 [restartedMain] INFO  com.zaxxer.hikari.HikariDataSource - HikariPool-1 - Starting...
2025-03-11 14:44:49 [restartedMain] INFO  com.zaxxer.hikari.HikariDataSource - HikariPool-1 - Start completed.
2025-03-11 14:44:49 [restartedMain] INFO  o.s.b.a.h.H2ConsoleAutoConfiguration - H2 console available at '/h2-console'. Database available at 'jdbc:mysql://localhost:3306/employee_test_db?createDatabaseIfNotExist=true&useSSL=false&serverTimezone=UTC&allowPublicKeyRetrieval=true'
2025-03-11 14:44:50 [restartedMain] INFO  o.s.o.j.LocalContainerEntityManagerFactoryBean - Initialized JPA EntityManagerFactory for persistence unit 'default'
2025-03-11 14:44:50 [restartedMain] INFO  c.e.cruddemo.config.DataInitializer - DataInitializer initialized with repository
2025-03-11 14:44:50 [restartedMain] INFO  log1 - EmployeeServiceImpl initialized with repository and entity manager
2025-03-11 14:44:50 [restartedMain] INFO  c.e.c.controller.EmployeeController - EmployeeController initialized with service
2025-03-11 14:44:50 [restartedMain] WARN  o.s.b.a.o.j.JpaBaseConfiguration$JpaWebConfiguration - spring.jpa.open-in-view is enabled by default. Therefore, database queries may be performed during view rendering. Explicitly configure spring.jpa.open-in-view to disable this warning
2025-03-11 14:44:50 [restartedMain] DEBUG o.s.w.s.m.m.a.RequestMappingHandlerAdapter - ControllerAdvice beans: 0 @ModelAttribute, 0 @InitBinder, 1 RequestBodyAdvice, 1 ResponseBodyAdvice
2025-03-11 14:44:50 [restartedMain] DEBUG o.s.w.s.m.m.a.RequestMappingHandlerMapping - 10 mappings in 'requestMappingHandlerMapping'
2025-03-11 14:44:50 [restartedMain] DEBUG o.s.w.s.h.SimpleUrlHandlerMapping - Patterns [/webjars/**, /**] in 'resourceHandlerMapping'
2025-03-11 14:44:50 [restartedMain] DEBUG o.s.w.s.m.m.a.ExceptionHandlerExceptionResolver - ControllerAdvice beans: 1 @ExceptionHandler, 1 ResponseBodyAdvice
2025-03-11 14:44:50 [restartedMain] INFO  o.s.b.d.a.OptionalLiveReloadServer - LiveReload server is running on port 35729
2025-03-11 14:44:50 [restartedMain] INFO  o.a.coyote.http11.Http11NioProtocol - Starting ProtocolHandler ["http-nio-8081"]
2025-03-11 14:44:50 [restartedMain] INFO  o.s.b.w.e.tomcat.TomcatWebServer - Tomcat started on port(s): 8081 (http) with context path ''
2025-03-11 14:44:50 [restartedMain] INFO  c.e.cruddemo.CrudDemoApplication - Started CrudDemoApplication in 2.569 seconds (JVM running for 2.85)
2025-03-11 14:44:50 [restartedMain] INFO  c.e.cruddemo.config.DataInitializer - Starting data initialization...
2025-03-11 14:44:50 [restartedMain] DEBUG org.hibernate.SQL - 
    select
        count(*) as col_0_0_ 
    from
        employees employee0_
2025-03-11 14:44:50 [restartedMain] INFO  c.e.cruddemo.config.DataInitializer - Data already exists, skipping initialization
2025-03-11 14:44:50 [restartedMain] INFO  log1 - Running with active profile: dev
2025-03-11 14:44:50 [restartedMain] INFO  log1 - Database URL: jdbc:mysql://localhost:3306/employee_test_db?createDatabaseIfNotExist=true&useSSL=false&serverTimezone=UTC&allowPublicKeyRetrieval=true
2025-03-11 14:44:50 [restartedMain] INFO  log1 - Server Port: 8081
2025-03-11 14:45:27 [background-preinit] INFO  o.h.validator.internal.util.Version - HV000001: Hibernate Validator 6.2.5.Final
2025-03-11 14:45:27 [restartedMain] INFO  c.e.cruddemo.CrudDemoApplication - Starting CrudDemoApplication using Java 17.0.12 on DESKTOP-0BBIV6G with PID 18944 (E:\55234\Java sprint boot and hibernate DB crud project\target\classes started by Hp in E:\55234\Java sprint boot and hibernate DB crud project)
2025-03-11 14:45:27 [restartedMain] INFO  c.e.cruddemo.CrudDemoApplication - The following 1 profile is active: "prod"
2025-03-11 14:45:27 [restartedMain] INFO  o.s.b.d.e.DevToolsPropertyDefaultsPostProcessor - Devtools property defaults active! Set 'spring.devtools.add-properties' to 'false' to disable
2025-03-11 14:45:27 [restartedMain] INFO  o.s.b.d.e.DevToolsPropertyDefaultsPostProcessor - For additional web related logging consider setting the 'logging.level.web' property to 'DEBUG'
2025-03-11 14:45:27 [restartedMain] INFO  o.s.d.r.c.RepositoryConfigurationDelegate - Bootstrapping Spring Data JPA repositories in DEFAULT mode.
2025-03-11 14:45:27 [restartedMain] INFO  o.s.d.r.c.RepositoryConfigurationDelegate - Finished Spring Data repository scanning in 40 ms. Found 1 JPA repository interfaces.
2025-03-11 14:45:27 [restartedMain] INFO  o.s.b.w.e.tomcat.TomcatWebServer - Tomcat initialized with port(s): 8080 (http)
2025-03-11 14:45:27 [restartedMain] INFO  o.a.coyote.http11.Http11NioProtocol - Initializing ProtocolHandler ["http-nio-8080"]
2025-03-11 14:45:27 [restartedMain] INFO  o.a.catalina.core.StandardService - Starting service [Tomcat]
2025-03-11 14:45:27 [restartedMain] INFO  o.a.catalina.core.StandardEngine - Starting Servlet engine: [Apache Tomcat/9.0.83]
2025-03-11 14:45:28 [restartedMain] INFO  o.a.c.c.C.[Tomcat].[localhost].[/] - Initializing Spring embedded WebApplicationContext
2025-03-11 14:45:28 [restartedMain] INFO  o.s.b.w.s.c.ServletWebServerApplicationContext - Root WebApplicationContext: initialization completed in 966 ms
2025-03-11 14:45:28 [restartedMain] INFO  com.zaxxer.hikari.HikariDataSource - HikariPool-1 - Starting...
2025-03-11 14:45:28 [restartedMain] INFO  com.zaxxer.hikari.HikariDataSource - HikariPool-1 - Start completed.
2025-03-11 14:45:28 [restartedMain] INFO  o.s.b.a.h.H2ConsoleAutoConfiguration - H2 console available at '/h2-console'. Database available at 'jdbc:mysql://localhost:3306/employee_db?createDatabaseIfNotExist=true&useSSL=false&serverTimezone=UTC&allowPublicKeyRetrieval=true'
2025-03-11 14:45:28 [restartedMain] INFO  o.h.jpa.internal.util.LogHelper - HHH000204: Processing PersistenceUnitInfo [name: default]
2025-03-11 14:45:28 [restartedMain] INFO  org.hibernate.Version - HHH000412: Hibernate ORM core version 5.6.15.Final
2025-03-11 14:45:28 [restartedMain] INFO  o.h.annotations.common.Version - HCANN000001: Hibernate Commons Annotations {5.1.2.Final}
2025-03-11 14:45:28 [restartedMain] INFO  org.hibernate.dialect.Dialect - HHH000400: Using dialect: org.hibernate.dialect.MySQL8Dialect
2025-03-11 14:45:28 [restartedMain] INFO  o.h.e.t.j.p.i.JtaPlatformInitiator - HHH000490: Using JtaPlatform implementation: [org.hibernate.engine.transaction.jta.platform.internal.NoJtaPlatform]
2025-03-11 14:45:28 [restartedMain] INFO  o.s.o.j.LocalContainerEntityManagerFactoryBean - Initialized JPA EntityManagerFactory for persistence unit 'default'
2025-03-11 14:45:29 [restartedMain] INFO  c.e.cruddemo.config.DataInitializer - DataInitializer initialized with repository
2025-03-11 14:45:29 [restartedMain] INFO  log1 - EmployeeServiceImpl initialized with repository and entity manager
2025-03-11 14:45:29 [restartedMain] INFO  c.e.c.controller.EmployeeController - EmployeeController initialized with service
2025-03-11 14:45:29 [restartedMain] WARN  o.s.b.a.o.j.JpaBaseConfiguration$JpaWebConfiguration - spring.jpa.open-in-view is enabled by default. Therefore, database queries may be performed during view rendering. Explicitly configure spring.jpa.open-in-view to disable this warning
2025-03-11 14:45:29 [restartedMain] INFO  o.a.coyote.http11.Http11NioProtocol - Starting ProtocolHandler ["http-nio-8080"]
2025-03-11 14:45:29 [restartedMain] INFO  o.s.b.w.e.tomcat.TomcatWebServer - Tomcat started on port(s): 8080 (http) with context path ''
2025-03-11 14:45:29 [restartedMain] INFO  c.e.cruddemo.CrudDemoApplication - Started CrudDemoApplication in 2.648 seconds (JVM running for 2.947)
2025-03-11 14:45:29 [restartedMain] INFO  c.e.cruddemo.config.DataInitializer - Starting data initialization...
2025-03-11 14:45:29 [http-nio-8080-exec-1] INFO  o.a.c.c.C.[Tomcat].[localhost].[/] - Initializing Spring DispatcherServlet 'dispatcherServlet'
2025-03-11 14:45:29 [http-nio-8080-exec-1] INFO  o.s.web.servlet.DispatcherServlet - Initializing Servlet 'dispatcherServlet'
2025-03-11 14:45:29 [http-nio-8080-exec-1] INFO  o.s.web.servlet.DispatcherServlet - Completed initialization in 1 ms
2025-03-11 14:45:29 [restartedMain] INFO  c.e.cruddemo.config.DataInitializer - Data already exists, skipping initialization
2025-03-11 14:45:29 [restartedMain] INFO  log1 - Running with active profile: prod
2025-03-11 14:45:29 [restartedMain] INFO  log1 - Database URL: jdbc:mysql://localhost:3306/employee_db?createDatabaseIfNotExist=true&useSSL=false&serverTimezone=UTC&allowPublicKeyRetrieval=true
2025-03-11 14:45:29 [restartedMain] INFO  log1 - Server Port: 8080
2025-03-11 14:45:29 [http-nio-8080-exec-1] INFO  log1 - Fetching all employees
2025-03-11 14:45:29 [http-nio-8080-exec-1] INFO  log1 - Service: Getting all employees
2025-03-11 14:45:31 [http-nio-8081-exec-1] INFO  o.a.c.c.C.[Tomcat].[localhost].[/] - Initializing Spring DispatcherServlet 'dispatcherServlet'
2025-03-11 14:45:31 [http-nio-8081-exec-1] INFO  o.s.web.servlet.DispatcherServlet - Initializing Servlet 'dispatcherServlet'
2025-03-11 14:45:31 [http-nio-8081-exec-1] DEBUG o.s.web.servlet.DispatcherServlet - Detected StandardServletMultipartResolver
2025-03-11 14:45:31 [http-nio-8081-exec-1] DEBUG o.s.web.servlet.DispatcherServlet - Detected AcceptHeaderLocaleResolver
2025-03-11 14:45:31 [http-nio-8081-exec-1] DEBUG o.s.web.servlet.DispatcherServlet - Detected FixedThemeResolver
2025-03-11 14:45:31 [http-nio-8081-exec-1] DEBUG o.s.web.servlet.DispatcherServlet - Detected org.springframework.web.servlet.view.DefaultRequestToViewNameTranslator@5738beab
2025-03-11 14:45:31 [http-nio-8081-exec-1] DEBUG o.s.web.servlet.DispatcherServlet - Detected org.springframework.web.servlet.support.SessionFlashMapManager@1803e183
2025-03-11 14:45:31 [http-nio-8081-exec-1] DEBUG o.s.web.servlet.DispatcherServlet - enableLoggingRequestDetails='false': request parameters and headers will be masked to prevent unsafe logging of potentially sensitive data
2025-03-11 14:45:31 [http-nio-8081-exec-1] INFO  o.s.web.servlet.DispatcherServlet - Completed initialization in 4 ms
2025-03-11 14:45:31 [http-nio-8081-exec-1] DEBUG o.s.web.servlet.DispatcherServlet - GET "/api/v1/employees", parameters={}
2025-03-11 14:45:31 [http-nio-8081-exec-1] DEBUG o.s.w.s.m.m.a.RequestMappingHandlerMapping - Mapped to com.example.cruddemo.controller.EmployeeController#getAllEmployees()
2025-03-11 14:45:31 [http-nio-8081-exec-1] INFO  log1 - Fetching all employees
2025-03-11 14:45:31 [http-nio-8081-exec-1] INFO  log1 - Service: Getting all employees
2025-03-11 14:45:31 [http-nio-8081-exec-1] DEBUG org.hibernate.SQL - 
    select
        employee0_.id as id1_0_,
        employee0_.email as email2_0_,
        employee0_.first_name as first_na3_0_,
        employee0_.last_name as last_nam4_0_,
        employee0_.phone_number as phone_nu5_0_,
        employee0_.position as position6_0_,
        employee0_.salary as salary7_0_ 
    from
        employees employee0_
2025-03-11 14:45:31 [http-nio-8081-exec-1] DEBUG o.s.w.s.m.m.a.HttpEntityMethodProcessor - Using 'application/json;q=0.8', given [text/html, application/xhtml+xml, image/avif, image/webp, image/apng, application/xml;q=0.9, */*;q=0.8] and supported [application/json, application/*+json, application/json, application/*+json]
2025-03-11 14:45:31 [http-nio-8081-exec-1] DEBUG o.s.w.s.m.m.a.HttpEntityMethodProcessor - Writing [[Employee(id=1, firstName=John, lastName=Doe, email=john.doe@example.com, phoneNumber=555-123-4567,  (truncated)...]
2025-03-11 14:45:31 [http-nio-8081-exec-1] DEBUG o.s.web.servlet.DispatcherServlet - Completed 200 OK
2025-03-11 14:45:31 [http-nio-8081-exec-6] DEBUG o.s.web.servlet.DispatcherServlet - GET "/favicon.ico", parameters={}
2025-03-11 14:45:31 [http-nio-8081-exec-6] DEBUG o.s.w.s.h.SimpleUrlHandlerMapping - Mapped to ResourceHttpRequestHandler [classpath [META-INF/resources/], classpath [resources/], classpath [static/], classpath [public/], ServletContext [/]]
2025-03-11 14:45:31 [http-nio-8081-exec-6] DEBUG o.s.w.s.r.ResourceHttpRequestHandler - Resource not found
2025-03-11 14:45:31 [http-nio-8081-exec-6] DEBUG o.s.web.servlet.DispatcherServlet - Completed 404 NOT_FOUND
2025-03-11 14:45:31 [http-nio-8081-exec-6] DEBUG o.s.web.servlet.DispatcherServlet - "ERROR" dispatch for GET "/error", parameters={}
2025-03-11 14:45:31 [http-nio-8081-exec-6] DEBUG o.s.w.s.m.m.a.RequestMappingHandlerMapping - Mapped to org.springframework.boot.autoconfigure.web.servlet.error.BasicErrorController#error(HttpServletRequest)
2025-03-11 14:45:31 [http-nio-8081-exec-6] DEBUG o.s.w.s.m.m.a.HttpEntityMethodProcessor - Using 'application/json;q=0.8', given [image/avif, image/webp, image/apng, image/svg+xml, image/*, */*;q=0.8] and supported [application/json, application/*+json, application/json, application/*+json]
2025-03-11 14:45:31 [http-nio-8081-exec-6] DEBUG o.s.w.s.m.m.a.HttpEntityMethodProcessor - Writing [{timestamp=Tue Mar 11 14:45:31 BDT 2025, status=404, error=Not Found, message=No message available,  (truncated)...]
2025-03-11 14:45:31 [http-nio-8081-exec-6] DEBUG o.s.web.servlet.DispatcherServlet - Exiting from "ERROR" dispatch, status 404
2025-03-11 14:50:11 [HikariPool-1 housekeeper] WARN  com.zaxxer.hikari.pool.HikariPool - HikariPool-1 - Thread starvation or clock leap detected (housekeeper delta=1m21s740ms386µs500ns).
2025-03-11 14:50:20 [HikariPool-1 housekeeper] WARN  com.zaxxer.hikari.pool.HikariPool - HikariPool-1 - Thread starvation or clock leap detected (housekeeper delta=1m21s733ms896µs400ns).
2025-03-11 14:54:41 [HikariPool-1 housekeeper] WARN  com.zaxxer.hikari.pool.HikariPool - HikariPool-1 - Thread starvation or clock leap detected (housekeeper delta=59s784ms139µs800ns).
2025-03-11 14:54:49 [HikariPool-1 housekeeper] WARN  com.zaxxer.hikari.pool.HikariPool - HikariPool-1 - Thread starvation or clock leap detected (housekeeper delta=59s788ms113µs).
2025-03-11 15:03:00 [HikariPool-1 housekeeper] WARN  com.zaxxer.hikari.pool.HikariPool - HikariPool-1 - Thread starvation or clock leap detected (housekeeper delta=1m41s511ms171µs200ns).
2025-03-11 15:03:09 [HikariPool-1 housekeeper] WARN  com.zaxxer.hikari.pool.HikariPool - HikariPool-1 - Thread starvation or clock leap detected (housekeeper delta=1m41s505ms479µs400ns).
2025-03-11 15:39:17 [HikariPool-1 housekeeper] WARN  com.zaxxer.hikari.pool.HikariPool - HikariPool-1 - Thread starvation or clock leap detected (housekeeper delta=31m7s772ms6µs400ns).
