2025-03-19 12:20:49 [restartedMain] INFO  log2 - PRODUCTION MODE: Running with optimized settings
2025-03-19 12:20:53 [http-nio-8080-exec-2] INFO  log2 - Service: Found 22 employees
2025-03-19 12:20:54 [http-nio-8080-exec-3] INFO  log2 - Service: Found 22 employees
2025-03-19 13:17:20 [restartedMain] INFO  log2 - PRODUCTION MODE: Running with optimized settings
2025-03-19 13:17:46 [http-nio-8080-exec-2] INFO  log2 - Service: Found 22 employees
2025-03-19 13:48:39 [restartedMain] INFO  log2 - PRODUCTION MODE: Running with optimized settings
2025-03-19 13:48:45 [http-nio-8080-exec-1] INFO  log2 - Service: Found 22 employees
2025-03-19 13:48:46 [http-nio-8080-exec-7] INFO  log2 - Service: Found 22 employees
2025-03-19 13:48:46 [http-nio-8080-exec-3] INFO  log2 - Service: Found 22 employees
2025-03-19 14:00:57 [http-nio-8080-exec-8] INFO  log2 - Employee creation details: Employee(id=null, firstName=mehedesswei, lastName=Johnson, email=michael1@example.com, phoneNumber=555-456-7890, position=Software Engineer, salary=72000.0, managerId=4, manager=Manager(id=4, firstName=null, lastName=null, email=null, phoneNumber=null, salary=null, employees=[]))
2025-03-19 14:00:57 [http-nio-8080-exec-8] INFO  log2 - Service: Full employee details: Employee(id=null, firstName=mehedesswei, lastName=Johnson, email=michael1@example.com, phoneNumber=555-456-7890, position=Software Engineer, salary=72000.0, managerId=4, manager=Manager(id=4, firstName=null, lastName=null, email=null, phoneNumber=null, salary=null, employees=[]))
2025-03-19 14:01:03 [http-nio-8080-exec-4] INFO  log2 - Employee creation details: Employee(id=null, firstName=mehedesswei, lastName=Johnson, email=michael1gg@example.com, phoneNumber=555-456-7890, position=Software Engineer, salary=72000.0, managerId=4, manager=Manager(id=4, firstName=null, lastName=null, email=null, phoneNumber=null, salary=null, employees=[]))
2025-03-19 14:01:03 [http-nio-8080-exec-4] INFO  log2 - Service: Full employee details: Employee(id=null, firstName=mehedesswei, lastName=Johnson, email=michael1gg@example.com, phoneNumber=555-456-7890, position=Software Engineer, salary=72000.0, managerId=4, manager=Manager(id=4, firstName=null, lastName=null, email=null, phoneNumber=null, salary=null, employees=[]))
2025-03-19 14:01:03 [http-nio-8080-exec-4] INFO  log2 - Successfully mapped query result to Employee
2025-03-19 14:01:22 [http-nio-8080-exec-2] INFO  log2 - Employee update details: Employee(id=null, firstName=mehedesswei, lastName=Johnson, email=michael1gg@example.com, phoneNumber=555-456-7890, position=Software Engineer, salary=72000.0, managerId=4, manager=Manager(id=4, firstName=null, lastName=null, email=null, phoneNumber=null, salary=null, employees=[]))
2025-03-19 14:01:22 [http-nio-8080-exec-2] INFO  log2 - Updating employee with manager ID: 4
2025-03-19 14:01:22 [http-nio-8080-exec-2] INFO  log2 - Successfully updated employee with ID: 41
2025-03-19 14:01:33 [http-nio-8080-exec-1] INFO  log2 - Service: Found employee: michael1gg@example.com
2025-03-19 14:14:03 [restartedMain] INFO  log2 - PRODUCTION MODE: Running with optimized settings
2025-03-19 14:22:05 [restartedMain] INFO  log2 - PRODUCTION MODE: Running with optimized settings
