2025-03-13 09:58:43 [restartedMain] INFO  log2 - DEVELOPMENT MODE: Additional debugging enabled
2025-03-13 09:59:04 [restartedMain] INFO  log2 - DEVELOPMENT MODE: Additional debugging enabled
2025-03-13 09:59:06 [http-nio-8081-exec-1] INFO  log2 - Service: Found 6 employees
2025-03-13 09:59:09 [http-nio-8081-exec-4] INFO  log2 - Service: Found 6 employees
2025-03-13 11:46:45 [restartedMain] INFO  log2 - PRODUCTION MODE: Running with optimized settings
2025-03-13 11:46:51 [http-nio-8080-exec-1] INFO  log2 - Service: Found 11 employees
2025-03-13 11:47:32 [http-nio-8080-exec-8] INFO  log2 - Employee creation details: Employee(id=null, firstName=Anindya, lastName=Biswas, email=anindya.SBL@gmail.com, phoneNumber=01721584048, position=boot, salary=37000.0)
2025-03-13 11:47:32 [http-nio-8080-exec-8] INFO  log2 - Service: Full employee details: Employee(id=null, firstName=Anindya, lastName=Biswas, email=anindya.SBL@gmail.com, phoneNumber=01721584048, position=boot, salary=37000.0)
2025-03-13 11:47:32 [http-nio-8080-exec-8] INFO  log2 - Successfully mapped query result to Employee
2025-03-13 12:40:21 [http-nio-8080-exec-3] INFO  log2 - Service: Found 12 employees
2025-03-13 12:40:25 [http-nio-8080-exec-2] INFO  log2 - Service: Found 12 employees
2025-03-13 12:40:41 [http-nio-8080-exec-9] INFO  log2 - Employee creation details: Employee(id=null, firstName=Anindya, lastName=Biswas, email=anindya.SBL@gmail.com, phoneNumber=01721584048, position=boot, salary=37000.0)
2025-03-13 12:40:41 [http-nio-8080-exec-9] INFO  log2 - Service: Full employee details: Employee(id=null, firstName=Anindya, lastName=Biswas, email=anindya.SBL@gmail.com, phoneNumber=01721584048, position=boot, salary=37000.0)
2025-03-13 12:40:41 [http-nio-8080-exec-9] ERROR log2 - Detailed error trace: javax.persistence.PersistenceException: org.hibernate.exception.ConstraintViolationException: Error calling CallableStatement.getMoreResults
	at org.hibernate.internal.ExceptionConverterImpl.convert(ExceptionConverterImpl.java:154)
	at org.hibernate.internal.ExceptionConverterImpl.convert(ExceptionConverterImpl.java:181)
	at org.hibernate.procedure.internal.ProcedureCallImpl.execute(ProcedureCallImpl.java:624)
	at com.example.cruddemo.service.impl.EmployeeServiceImpl.createEmployee(EmployeeServiceImpl.java:113)
	at com.example.cruddemo.service.impl.EmployeeServiceImpl$$FastClassBySpringCGLIB$$89df4e8e.invoke(<generated>)
	at org.springframework.cglib.proxy.MethodProxy.invoke(MethodProxy.java:218)
	at org.springframework.aop.framework.CglibAopProxy$CglibMethodInvocation.invokeJoinpoint(CglibAopProxy.java:792)
	at org.springframework.aop.framework.ReflectiveMethodInvocation.proceed(ReflectiveMethodInvocation.java:163)
	at org.springframework.aop.framework.CglibAopProxy$CglibMethodInvocation.proceed(CglibAopProxy.java:762)
	at org.springframework.transaction.interceptor.TransactionInterceptor$1.proceedWithInvocation(TransactionInterceptor.java:123)
	at org.springframework.transaction.interceptor.TransactionAspectSupport.invokeWithinTransaction(TransactionAspectSupport.java:388)
	at org.springframework.transaction.interceptor.TransactionInterceptor.invoke(TransactionInterceptor.java:119)
	at org.springframework.aop.framework.ReflectiveMethodInvocation.proceed(ReflectiveMethodInvocation.java:186)
	at org.springframework.aop.framework.CglibAopProxy$CglibMethodInvocation.proceed(CglibAopProxy.java:762)
	at org.springframework.aop.framework.CglibAopProxy$DynamicAdvisedInterceptor.intercept(CglibAopProxy.java:707)
	at com.example.cruddemo.service.impl.EmployeeServiceImpl$$EnhancerBySpringCGLIB$$bd9dae69.createEmployee(<generated>)
	at com.example.cruddemo.controller.EmployeeController.createEmployee(EmployeeController.java:78)
	at java.base/jdk.internal.reflect.NativeMethodAccessorImpl.invoke0(Native Method)
	at java.base/jdk.internal.reflect.NativeMethodAccessorImpl.invoke(NativeMethodAccessorImpl.java:77)
	at java.base/jdk.internal.reflect.DelegatingMethodAccessorImpl.invoke(DelegatingMethodAccessorImpl.java:43)
	at java.base/java.lang.reflect.Method.invoke(Method.java:568)
	at org.springframework.web.method.support.InvocableHandlerMethod.doInvoke(InvocableHandlerMethod.java:205)
	at org.springframework.web.method.support.InvocableHandlerMethod.invokeForRequest(InvocableHandlerMethod.java:150)
	at org.springframework.web.servlet.mvc.method.annotation.ServletInvocableHandlerMethod.invokeAndHandle(ServletInvocableHandlerMethod.java:117)
	at org.springframework.web.servlet.mvc.method.annotation.RequestMappingHandlerAdapter.invokeHandlerMethod(RequestMappingHandlerAdapter.java:895)
	at org.springframework.web.servlet.mvc.method.annotation.RequestMappingHandlerAdapter.handleInternal(RequestMappingHandlerAdapter.java:808)
	at org.springframework.web.servlet.mvc.method.AbstractHandlerMethodAdapter.handle(AbstractHandlerMethodAdapter.java:87)
	at org.springframework.web.servlet.DispatcherServlet.doDispatch(DispatcherServlet.java:1072)
	at org.springframework.web.servlet.DispatcherServlet.doService(DispatcherServlet.java:965)
	at org.springframework.web.servlet.FrameworkServlet.processRequest(FrameworkServlet.java:1006)
	at org.springframework.web.servlet.FrameworkServlet.doPost(FrameworkServlet.java:909)
	at javax.servlet.http.HttpServlet.service(HttpServlet.java:555)
	at org.springframework.web.servlet.FrameworkServlet.service(FrameworkServlet.java:883)
	at javax.servlet.http.HttpServlet.service(HttpServlet.java:623)
	at org.apache.catalina.core.ApplicationFilterChain.internalDoFilter(ApplicationFilterChain.java:209)
	at org.apache.catalina.core.ApplicationFilterChain.doFilter(ApplicationFilterChain.java:153)
	at org.apache.tomcat.websocket.server.WsFilter.doFilter(WsFilter.java:51)
	at org.apache.catalina.core.ApplicationFilterChain.internalDoFilter(ApplicationFilterChain.java:178)
	at org.apache.catalina.core.ApplicationFilterChain.doFilter(ApplicationFilterChain.java:153)
	at org.springframework.web.filter.RequestContextFilter.doFilterInternal(RequestContextFilter.java:100)
	at org.springframework.web.filter.OncePerRequestFilter.doFilter(OncePerRequestFilter.java:117)
	at org.apache.catalina.core.ApplicationFilterChain.internalDoFilter(ApplicationFilterChain.java:178)
	at org.apache.catalina.core.ApplicationFilterChain.doFilter(ApplicationFilterChain.java:153)
	at org.springframework.web.filter.FormContentFilter.doFilterInternal(FormContentFilter.java:93)
	at org.springframework.web.filter.OncePerRequestFilter.doFilter(OncePerRequestFilter.java:117)
	at org.apache.catalina.core.ApplicationFilterChain.internalDoFilter(ApplicationFilterChain.java:178)
	at org.apache.catalina.core.ApplicationFilterChain.doFilter(ApplicationFilterChain.java:153)
	at org.springframework.web.filter.CharacterEncodingFilter.doFilterInternal(CharacterEncodingFilter.java:201)
	at org.springframework.web.filter.OncePerRequestFilter.doFilter(OncePerRequestFilter.java:117)
	at org.apache.catalina.core.ApplicationFilterChain.internalDoFilter(ApplicationFilterChain.java:178)
	at org.apache.catalina.core.ApplicationFilterChain.doFilter(ApplicationFilterChain.java:153)
	at org.apache.catalina.core.StandardWrapperValve.invoke(StandardWrapperValve.java:168)
	at org.apache.catalina.core.StandardContextValve.invoke(StandardContextValve.java:90)
	at org.apache.catalina.authenticator.AuthenticatorBase.invoke(AuthenticatorBase.java:481)
	at org.apache.catalina.core.StandardHostValve.invoke(StandardHostValve.java:130)
	at org.apache.catalina.valves.ErrorReportValve.invoke(ErrorReportValve.java:93)
	at org.apache.catalina.core.StandardEngineValve.invoke(StandardEngineValve.java:74)
	at org.apache.catalina.connector.CoyoteAdapter.service(CoyoteAdapter.java:342)
	at org.apache.coyote.http11.Http11Processor.service(Http11Processor.java:390)
	at org.apache.coyote.AbstractProcessorLight.process(AbstractProcessorLight.java:63)
	at org.apache.coyote.AbstractProtocol$ConnectionHandler.process(AbstractProtocol.java:928)
	at org.apache.tomcat.util.net.NioEndpoint$SocketProcessor.doRun(NioEndpoint.java:1794)
	at org.apache.tomcat.util.net.SocketProcessorBase.run(SocketProcessorBase.java:52)
	at org.apache.tomcat.util.threads.ThreadPoolExecutor.runWorker(ThreadPoolExecutor.java:1191)
	at org.apache.tomcat.util.threads.ThreadPoolExecutor$Worker.run(ThreadPoolExecutor.java:659)
	at org.apache.tomcat.util.threads.TaskThread$WrappingRunnable.run(TaskThread.java:61)
	at java.base/java.lang.Thread.run(Thread.java:842)
Caused by: org.hibernate.exception.ConstraintViolationException: Error calling CallableStatement.getMoreResults
	at org.hibernate.exception.internal.SQLExceptionTypeDelegate.convert(SQLExceptionTypeDelegate.java:59)
	at org.hibernate.exception.internal.StandardSQLExceptionConverter.convert(StandardSQLExceptionConverter.java:37)
	at org.hibernate.engine.jdbc.spi.SqlExceptionHelper.convert(SqlExceptionHelper.java:113)
	at org.hibernate.result.internal.OutputsImpl.convert(OutputsImpl.java:83)
	at org.hibernate.result.internal.OutputsImpl.<init>(OutputsImpl.java:60)
	at org.hibernate.procedure.internal.ProcedureOutputsImpl.<init>(ProcedureOutputsImpl.java:34)
	at org.hibernate.procedure.internal.ProcedureCallImpl.buildOutputs(ProcedureCallImpl.java:418)
	at org.hibernate.procedure.internal.ProcedureCallImpl.getOutputs(ProcedureCallImpl.java:354)
	at org.hibernate.procedure.internal.ProcedureCallImpl.outputs(ProcedureCallImpl.java:634)
	at org.hibernate.procedure.internal.ProcedureCallImpl.execute(ProcedureCallImpl.java:617)
	... 64 more
Caused by: java.sql.SQLIntegrityConstraintViolationException: Duplicate entry 'anindya.SBL@gmail.com' for key 'employees.UK_j9xgmd0ya5jmus09o0b8pqrpb'
	at com.mysql.cj.jdbc.exceptions.SQLError.createSQLException(SQLError.java:118)
	at com.mysql.cj.jdbc.exceptions.SQLExceptionsMapping.translateException(SQLExceptionsMapping.java:122)
	at com.mysql.cj.jdbc.ClientPreparedStatement.executeInternal(ClientPreparedStatement.java:916)
	at com.mysql.cj.jdbc.ClientPreparedStatement.execute(ClientPreparedStatement.java:354)
	at com.mysql.cj.jdbc.CallableStatement.execute(CallableStatement.java:847)
	at com.zaxxer.hikari.pool.ProxyPreparedStatement.execute(ProxyPreparedStatement.java:44)
	at com.zaxxer.hikari.pool.HikariProxyCallableStatement.execute(HikariProxyCallableStatement.java)
	at org.hibernate.result.internal.OutputsImpl.<init>(OutputsImpl.java:56)
	... 69 more

2025-03-13 12:48:24 [http-nio-8080-exec-4] INFO  log2 - Service: Found 12 employees
2025-03-13 14:42:28 [restartedMain] INFO  log2 - PRODUCTION MODE: Running with optimized settings
2025-03-13 14:42:39 [http-nio-8080-exec-2] INFO  log2 - Service: Found 12 employees
2025-03-13 14:43:00 [http-nio-8080-exec-4] INFO  log2 - Employee update details: Employee(id=null, firstName=Anindya, lastName=Biswas, email=anindya.SBL12@gmail.com, phoneNumber=01721584048, position=boot, salary=37000.0)
2025-03-13 14:43:00 [http-nio-8080-exec-4] INFO  log2 - Service: Updated employee details: Employee(id=22, firstName=Anindya, lastName=Biswas, email=anindya.SBL12@gmail.com, phoneNumber=01721584048, position=boot, salary=37000.0)
2025-03-13 15:19:04 [restartedMain] INFO  log2 - PRODUCTION MODE: Running with optimized settings
2025-03-13 15:19:11 [http-nio-8080-exec-1] INFO  log2 - Service: Found 12 employees
2025-03-13 15:19:12 [http-nio-8080-exec-7] INFO  log2 - Service: Found 12 employees
2025-03-13 15:19:13 [http-nio-8080-exec-5] INFO  log2 - Service: Found 12 employees
2025-03-13 15:19:14 [http-nio-8080-exec-4] INFO  log2 - Service: Found 12 employees
2025-03-13 15:19:23 [http-nio-8080-exec-2] INFO  log2 - Employee update details: Employee(id=null, firstName=Anindya, lastName=Biswas, email=anindya.SBL123@gmail.com, phoneNumber=01721584048, position=boot, salary=37000.0)
2025-03-13 15:19:23 [http-nio-8080-exec-2] INFO  log2 - Successfully updated employee with ID: 22
2025-03-13 15:48:25 [http-nio-8080-exec-9] INFO  log2 - Service: Found 12 employees
2025-03-13 15:48:28 [http-nio-8080-exec-10] INFO  log2 - Service: Found 12 employees
