2025-03-18 09:53:39 [restartedMain] INFO  log2 - PRODUCTION MODE: Running with optimized settings
2025-03-18 10:01:58 [http-nio-8080-exec-1] INFO  log2 - Service: Found 17 employees
2025-03-18 10:01:59 [http-nio-8080-exec-4] INFO  log2 - Service: Found 17 employees
2025-03-18 10:02:08 [http-nio-8080-exec-5] INFO  log2 - Employee creation details: Employee(id=null, firstName=coop, lastName=Johnson, email=michael.johsnsdffs11on@example.com, phoneNumber=555-456-7890, position=Software Engineer, salary=72000.0, manager=Manager(id=3, firstName=null, lastName=null, email=null, phoneNumber=null, salary=null, employees=[]))
2025-03-18 10:02:08 [http-nio-8080-exec-5] INFO  log2 - Service: Full employee details: Employee(id=null, firstName=coop, lastName=Johnson, email=michael.johsnsdffs11on@example.com, phoneNumber=555-456-7890, position=Software Engineer, salary=72000.0, manager=Manager(id=3, firstName=null, lastName=null, email=null, phoneNumber=null, salary=null, employees=[]))
2025-03-18 10:03:33 [http-nio-8080-exec-9] INFO  log2 - Employee creation details: Employee(id=null, firstName=coop, lastName=Johnson, email=michael.johsnsdffs11on@example.com, phoneNumber=555-456-7890, position=Software Engineer, salary=72000.0, manager=Manager(id=3, firstName=null, lastName=null, email=null, phoneNumber=null, salary=null, employees=[]))
2025-03-18 10:03:33 [http-nio-8080-exec-9] INFO  log2 - Service: Full employee details: Employee(id=null, firstName=coop, lastName=Johnson, email=michael.johsnsdffs11on@example.com, phoneNumber=555-456-7890, position=Software Engineer, salary=72000.0, manager=Manager(id=3, firstName=null, lastName=null, email=null, phoneNumber=null, salary=null, employees=[]))
2025-03-18 10:03:36 [http-nio-8080-exec-2] INFO  log2 - Employee creation details: Employee(id=null, firstName=coop, lastName=Johnson, email=michael.johsnsdffs11on@example.com, phoneNumber=555-456-7890, position=Software Engineer, salary=72000.0, manager=Manager(id=3, firstName=null, lastName=null, email=null, phoneNumber=null, salary=null, employees=[]))
2025-03-18 10:03:36 [http-nio-8080-exec-2] INFO  log2 - Service: Full employee details: Employee(id=null, firstName=coop, lastName=Johnson, email=michael.johsnsdffs11on@example.com, phoneNumber=555-456-7890, position=Software Engineer, salary=72000.0, manager=Manager(id=3, firstName=null, lastName=null, email=null, phoneNumber=null, salary=null, employees=[]))
2025-03-18 10:03:37 [http-nio-8080-exec-1] INFO  log2 - Employee creation details: Employee(id=null, firstName=coop, lastName=Johnson, email=michael.johsnsdffs11on@example.com, phoneNumber=555-456-7890, position=Software Engineer, salary=72000.0, manager=Manager(id=3, firstName=null, lastName=null, email=null, phoneNumber=null, salary=null, employees=[]))
2025-03-18 10:03:37 [http-nio-8080-exec-1] INFO  log2 - Service: Full employee details: Employee(id=null, firstName=coop, lastName=Johnson, email=michael.johsnsdffs11on@example.com, phoneNumber=555-456-7890, position=Software Engineer, salary=72000.0, manager=Manager(id=3, firstName=null, lastName=null, email=null, phoneNumber=null, salary=null, employees=[]))
2025-03-18 10:03:38 [http-nio-8080-exec-7] INFO  log2 - Employee creation details: Employee(id=null, firstName=coop, lastName=Johnson, email=michael.johsnsdffs11on@example.com, phoneNumber=555-456-7890, position=Software Engineer, salary=72000.0, manager=Manager(id=3, firstName=null, lastName=null, email=null, phoneNumber=null, salary=null, employees=[]))
2025-03-18 10:03:38 [http-nio-8080-exec-7] INFO  log2 - Service: Full employee details: Employee(id=null, firstName=coop, lastName=Johnson, email=michael.johsnsdffs11on@example.com, phoneNumber=555-456-7890, position=Software Engineer, salary=72000.0, manager=Manager(id=3, firstName=null, lastName=null, email=null, phoneNumber=null, salary=null, employees=[]))
2025-03-18 10:03:39 [http-nio-8080-exec-6] INFO  log2 - Employee creation details: Employee(id=null, firstName=coop, lastName=Johnson, email=michael.johsnsdffs11on@example.com, phoneNumber=555-456-7890, position=Software Engineer, salary=72000.0, manager=Manager(id=3, firstName=null, lastName=null, email=null, phoneNumber=null, salary=null, employees=[]))
2025-03-18 10:03:39 [http-nio-8080-exec-6] INFO  log2 - Service: Full employee details: Employee(id=null, firstName=coop, lastName=Johnson, email=michael.johsnsdffs11on@example.com, phoneNumber=555-456-7890, position=Software Engineer, salary=72000.0, manager=Manager(id=3, firstName=null, lastName=null, email=null, phoneNumber=null, salary=null, employees=[]))
2025-03-18 10:03:40 [http-nio-8080-exec-8] INFO  log2 - Employee creation details: Employee(id=null, firstName=coop, lastName=Johnson, email=michael.johsnsdffs11on@example.com, phoneNumber=555-456-7890, position=Software Engineer, salary=72000.0, manager=Manager(id=3, firstName=null, lastName=null, email=null, phoneNumber=null, salary=null, employees=[]))
2025-03-18 10:03:40 [http-nio-8080-exec-8] INFO  log2 - Service: Full employee details: Employee(id=null, firstName=coop, lastName=Johnson, email=michael.johsnsdffs11on@example.com, phoneNumber=555-456-7890, position=Software Engineer, salary=72000.0, manager=Manager(id=3, firstName=null, lastName=null, email=null, phoneNumber=null, salary=null, employees=[]))
2025-03-18 10:32:09 [http-nio-8080-exec-2] INFO  log2 - Employee creation details: Employee(id=null, firstName=coop, lastName=Johnson, email=michael.johsdffs11on@example.com, phoneNumber=555-456-7890, position=Software Engineer, salary=72000.0, manager=Manager(id=3, firstName=null, lastName=null, email=null, phoneNumber=null, salary=null, employees=[]))
2025-03-18 10:32:09 [http-nio-8080-exec-2] INFO  log2 - Service: Full employee details: Employee(id=null, firstName=coop, lastName=Johnson, email=michael.johsdffs11on@example.com, phoneNumber=555-456-7890, position=Software Engineer, salary=72000.0, manager=Manager(id=3, firstName=null, lastName=null, email=null, phoneNumber=null, salary=null, employees=[]))
2025-03-18 10:39:57 [http-nio-8080-exec-1] INFO  log2 - Service: Found 17 employees
2025-03-18 10:44:35 [http-nio-8080-exec-5] INFO  log2 - Service: Found 17 employees
2025-03-18 10:44:45 [http-nio-8080-exec-6] INFO  log2 - Service: Found employee: jane.smith@example.com
2025-03-18 11:33:14 [http-nio-8080-exec-8] INFO  log2 - Service: Found employee: jane.smith@example.com
2025-03-18 11:33:18 [http-nio-8080-exec-10] INFO  log2 - Service: Found 17 employees
2025-03-18 11:44:13 [http-nio-8080-exec-3] INFO  log2 - Employee creation details: Employee(id=null, firstName=coop, lastName=Johnson, email=michael.johsdffs11on@example.com, phoneNumber=555-456-7890, position=Software Engineer, salary=72000.0, manager=Manager(id=3, firstName=null, lastName=null, email=null, phoneNumber=null, salary=null, employees=[]))
2025-03-18 11:44:13 [http-nio-8080-exec-3] INFO  log2 - Service: Full employee details: Employee(id=null, firstName=coop, lastName=Johnson, email=michael.johsdffs11on@example.com, phoneNumber=555-456-7890, position=Software Engineer, salary=72000.0, manager=Manager(id=3, firstName=null, lastName=null, email=null, phoneNumber=null, salary=null, employees=[]))
2025-03-18 11:50:31 [restartedMain] INFO  log2 - PRODUCTION MODE: Running with optimized settings
2025-03-18 11:50:43 [http-nio-8080-exec-1] INFO  log2 - Employee creation details: Employee(id=null, firstName=coop, lastName=Johnson, email=michael.johsdffs11on@example.com, phoneNumber=555-456-7890, position=Software Engineer, salary=72000.0, manager=Manager(id=3, firstName=null, lastName=null, email=null, phoneNumber=null, salary=null, employees=[]))
2025-03-18 11:50:43 [http-nio-8080-exec-1] INFO  log2 - Service: Full employee details: Employee(id=null, firstName=coop, lastName=Johnson, email=michael.johsdffs11on@example.com, phoneNumber=555-456-7890, position=Software Engineer, salary=72000.0, manager=Manager(id=3, firstName=null, lastName=null, email=null, phoneNumber=null, salary=null, employees=[]))
2025-03-18 13:15:39 [restartedMain] INFO  log2 - PRODUCTION MODE: Running with optimized settings
2025-03-18 13:15:45 [http-nio-8080-exec-2] INFO  log2 - Employee creation details: Employee(id=null, firstName=coop, lastName=Johnson, email=michael.johsdffs11on@example.com, phoneNumber=555-456-7890, position=Software Engineer, salary=72000.0, manager=Manager(id=3, firstName=null, lastName=null, email=null, phoneNumber=null, salary=null, employees=[]))
2025-03-18 13:15:45 [http-nio-8080-exec-2] INFO  log2 - Service: Full employee details: Employee(id=null, firstName=coop, lastName=Johnson, email=michael.johsdffs11on@example.com, phoneNumber=555-456-7890, position=Software Engineer, salary=72000.0, manager=Manager(id=3, firstName=null, lastName=null, email=null, phoneNumber=null, salary=null, employees=[]))
2025-03-18 13:15:45 [http-nio-8080-exec-2] INFO  log2 - Successfully mapped query result to Employee
2025-03-18 13:15:53 [http-nio-8080-exec-3] INFO  log2 - Employee creation details: Employee(id=null, firstName=coop, lastName=Johnson, email=michael.johsdffs11on@example.com, phoneNumber=555-456-7890, position=Software Engineer, salary=72000.0, manager=Manager(id=3, firstName=null, lastName=null, email=null, phoneNumber=null, salary=null, employees=[]))
2025-03-18 13:15:53 [http-nio-8080-exec-3] INFO  log2 - Service: Full employee details: Employee(id=null, firstName=coop, lastName=Johnson, email=michael.johsdffs11on@example.com, phoneNumber=555-456-7890, position=Software Engineer, salary=72000.0, manager=Manager(id=3, firstName=null, lastName=null, email=null, phoneNumber=null, salary=null, employees=[]))
2025-03-18 13:16:02 [http-nio-8080-exec-7] INFO  log2 - Employee creation details: Employee(id=null, firstName=coop, lastName=Johnson, email=michael.johsdffs11on@example.com, phoneNumber=555-456-7890, position=Software Engineer, salary=72000.0, manager=Manager(id=3, firstName=null, lastName=null, email=null, phoneNumber=null, salary=null, employees=[]))
2025-03-18 13:16:02 [http-nio-8080-exec-7] INFO  log2 - Service: Full employee details: Employee(id=null, firstName=coop, lastName=Johnson, email=michael.johsdffs11on@example.com, phoneNumber=555-456-7890, position=Software Engineer, salary=72000.0, manager=Manager(id=3, firstName=null, lastName=null, email=null, phoneNumber=null, salary=null, employees=[]))
2025-03-18 13:16:19 [http-nio-8080-exec-5] INFO  log2 - Service: Found employee: michael.johsnsd11on@example.com
2025-03-18 13:17:26 [http-nio-8080-exec-10] INFO  log2 - Service: Found employee: michael.johsnsd11on@example.com
2025-03-18 13:17:33 [http-nio-8080-exec-1] INFO  log2 - Employee update details: Employee(id=27, firstName=mehedesswei, lastName=Johnson, email=michael.johsnsd11on@example.com, phoneNumber=555-456-7890, position=Software Engineer, salary=72000.0, manager=null)
2025-03-18 13:17:33 [http-nio-8080-exec-1] INFO  log2 - Successfully updated employee with ID: 27
2025-03-18 13:17:36 [http-nio-8080-exec-2] INFO  log2 - Employee update details: Employee(id=27, firstName=mehedesswei, lastName=Johnson, email=michael.johsnsd11on@example.com, phoneNumber=555-456-7890, position=Software Engineer, salary=72000.0, manager=null)
2025-03-18 13:17:36 [http-nio-8080-exec-2] INFO  log2 - Successfully updated employee with ID: 27
2025-03-18 13:17:38 [http-nio-8080-exec-3] INFO  log2 - Employee update details: Employee(id=27, firstName=mehedesswei, lastName=Johnson, email=michael.johsnsd11on@example.com, phoneNumber=555-456-7890, position=Software Engineer, salary=72000.0, manager=null)
2025-03-18 13:17:38 [http-nio-8080-exec-3] INFO  log2 - Successfully updated employee with ID: 27
2025-03-18 13:17:39 [http-nio-8080-exec-4] INFO  log2 - Employee update details: Employee(id=27, firstName=mehedesswei, lastName=Johnson, email=michael.johsnsd11on@example.com, phoneNumber=555-456-7890, position=Software Engineer, salary=72000.0, manager=null)
2025-03-18 13:17:39 [http-nio-8080-exec-4] INFO  log2 - Successfully updated employee with ID: 27
2025-03-18 13:17:50 [http-nio-8080-exec-7] INFO  log2 - Employee update details: Employee(id=27, firstName=mehedesswei, lastName=Johnson, email=michael.johsnsd11on@example.com, phoneNumber=555-456-7890, position=Software Engineer, salary=72000.0, manager=Manager(id=4, firstName=null, lastName=null, email=null, phoneNumber=null, salary=null, employees=[]))
2025-03-18 13:17:50 [http-nio-8080-exec-7] INFO  log2 - Updating employee with manager ID: 4
2025-03-18 13:17:50 [http-nio-8080-exec-7] INFO  log2 - Successfully updated employee with ID: 27
2025-03-18 13:18:37 [http-nio-8080-exec-5] INFO  log2 - Employee creation details: Employee(id=null, firstName=mehedesswei, lastName=Johnson, email=michael.johsndsddsdasd11on@example.com, phoneNumber=555-456-7890, position=Software Engineer, salary=72000.0, manager=Manager(id=4, firstName=null, lastName=null, email=null, phoneNumber=null, salary=null, employees=[]))
2025-03-18 13:18:37 [http-nio-8080-exec-5] INFO  log2 - Service: Full employee details: Employee(id=null, firstName=mehedesswei, lastName=Johnson, email=michael.johsndsddsdasd11on@example.com, phoneNumber=555-456-7890, position=Software Engineer, salary=72000.0, manager=Manager(id=4, firstName=null, lastName=null, email=null, phoneNumber=null, salary=null, employees=[]))
2025-03-18 13:18:37 [http-nio-8080-exec-5] INFO  log2 - Successfully mapped query result to Employee
2025-03-18 13:20:55 [http-nio-8080-exec-9] INFO  log2 - Service: Found 19 employees
2025-03-18 13:52:03 [restartedMain] INFO  log2 - PRODUCTION MODE: Running with optimized settings
2025-03-18 13:52:19 [http-nio-8080-exec-1] INFO  log2 - Employee creation details: Employee(id=null, firstName=mehedesswei, lastName=Johnson, email=michael.johsndsddsddsdasd11on@example.com, phoneNumber=555-456-7890, position=Software Engineer, salary=72000.0, manager=Manager(id=4, firstName=null, lastName=null, email=null, phoneNumber=null, salary=null, employees=[]))
2025-03-18 13:52:19 [http-nio-8080-exec-1] INFO  log2 - Service: Full employee details: Employee(id=null, firstName=mehedesswei, lastName=Johnson, email=michael.johsndsddsddsdasd11on@example.com, phoneNumber=555-456-7890, position=Software Engineer, salary=72000.0, manager=Manager(id=4, firstName=null, lastName=null, email=null, phoneNumber=null, salary=null, employees=[]))
2025-03-18 13:52:19 [http-nio-8080-exec-1] INFO  log2 - Successfully mapped query result to Employee
2025-03-18 13:52:27 [http-nio-8080-exec-6] INFO  log2 - Employee creation details: Employee(id=null, firstName=mehedesswei, lastName=Johnson, email=michael.johssdsndsddsddsdasd11on@example.com, phoneNumber=555-456-7890, position=Software Engineer, salary=72000.0, manager=Manager(id=4, firstName=null, lastName=null, email=null, phoneNumber=null, salary=null, employees=[]))
2025-03-18 13:52:27 [http-nio-8080-exec-6] INFO  log2 - Service: Full employee details: Employee(id=null, firstName=mehedesswei, lastName=Johnson, email=michael.johssdsndsddsddsdasd11on@example.com, phoneNumber=555-456-7890, position=Software Engineer, salary=72000.0, manager=Manager(id=4, firstName=null, lastName=null, email=null, phoneNumber=null, salary=null, employees=[]))
2025-03-18 13:52:27 [http-nio-8080-exec-6] INFO  log2 - Successfully mapped query result to Employee
2025-03-18 13:52:37 [http-nio-8080-exec-4] INFO  log2 - Employee creation details: Employee(id=null, firstName=mehedesswei, lastName=Johnson, email=michael1@example.com, phoneNumber=555-456-7890, position=Software Engineer, salary=72000.0, manager=Manager(id=4, firstName=null, lastName=null, email=null, phoneNumber=null, salary=null, employees=[]))
2025-03-18 13:52:37 [http-nio-8080-exec-4] INFO  log2 - Service: Full employee details: Employee(id=null, firstName=mehedesswei, lastName=Johnson, email=michael1@example.com, phoneNumber=555-456-7890, position=Software Engineer, salary=72000.0, manager=Manager(id=4, firstName=null, lastName=null, email=null, phoneNumber=null, salary=null, employees=[]))
2025-03-18 13:52:37 [http-nio-8080-exec-4] INFO  log2 - Successfully mapped query result to Employee
2025-03-18 13:52:47 [http-nio-8080-exec-5] INFO  log2 - Service: Found 22 employees
2025-03-18 14:50:25 [http-nio-8080-exec-8] INFO  log2 - Service: Found 22 employees
